<?xml version="1.0" encoding="UTF-8"?>
<!-- Generated by org.testng.reporters.JUnitXMLReporter -->
<testsuite ignored="2" hostname="LAPTOP-9JKB80HL" failures="0" tests="2" name="Practise" time="4.9" errors="0" timestamp="2023-04-16T15:38:16 IST">
  <testcase classname="TestNgPractise.XmlPractise" name="Insta" time="2.538"/>
  <testcase classname="TestNgPractise.XmlPractise" name="Whatsapp" time="2.347"/>
  <testcase classname="TestNgPractise.XmlPractise" name="Facebook" time="0.0">
    <ignored/>
  </testcase> <!-- Facebook -->
  <testcase classname="TestNgPractise.XmlPractise" name="OpenSource" time="0.0">
    <ignored/>
  </testcase> <!-- OpenSource -->
</testsuite> <!-- Practise -->
