<?xml version="1.0" encoding="UTF-8"?>
<!-- Generated by org.testng.reporters.JUnitXMLReporter -->
<testsuite ignored="2" hostname="LAPTOP-9JKB80HL" failures="0" tests="2" name="Practise1" time="8.412" errors="0" timestamp="2023-04-16T15:38:11 IST">
  <testcase classname="TestNgPractise.XmlPractise" name="OpenSource" time="5.862"/>
  <testcase classname="TestNgPractise.XmlPractise" name="Facebook" time="2.458"/>
  <testcase classname="TestNgPractise.XmlPractise" name="Insta" time="0.0">
    <ignored/>
  </testcase> <!-- Insta -->
  <testcase classname="TestNgPractise.XmlPractise" name="Whatsapp" time="0.0">
    <ignored/>
  </testcase> <!-- Whatsapp -->
</testsuite> <!-- Practise1 -->
