<?xml version="1.0" encoding="UTF-8"?>
<!-- Generated by org.testng.reporters.JUnitXMLReporter -->
<testsuite ignored="1" hostname="LAPTOP-9JKB80HL" failures="0" tests="2" name="Test2" time="0.012" errors="0" timestamp="2023-04-17T13:10:56 IST">
  <testcase classname="GroupingTests.Test2" name="test4" time="0.002"/>
  <testcase classname="GroupingTests.Test2" name="test6" time="0.002"/>
  <testcase classname="GroupingTests.Test2" name="test5" time="0.0">
    <ignored/>
  </testcase> <!-- test5 -->
</testsuite> <!-- Test2 -->
