<?xml version="1.0" encoding="UTF-8"?>
<!-- Generated by org.testng.reporters.JUnitXMLReporter -->
<testsuite ignored="1" hostname="LAPTOP-9JKB80HL" failures="0" tests="2" name="Test1" time="0.125" errors="0" timestamp="2023-04-17T13:10:56 IST">
  <testcase classname="GroupingTests.Test1" name="test1" time="0.021"/>
  <testcase classname="GroupingTests.Test1" name="test2" time="0.003"/>
  <testcase classname="GroupingTests.Test1" name="test3" time="0.0">
    <ignored/>
  </testcase> <!-- test3 -->
</testsuite> <!-- Test1 -->
