<?xml version="1.0" encoding="UTF-8"?>
<!-- Generated by org.testng.reporters.JUnitXMLReporter -->
<testsuite ignored="1" hostname="LAPTOP-9JKB80HL" failures="0" tests="5" name="Grouping" time="0.153" errors="0" timestamp="2023-04-17T12:37:18 IST">
  <testcase classname="GroupingTests.Test1" name="test1" time="0.026"/>
  <testcase classname="GroupingTests.Test1" name="test2" time="0.005"/>
  <testcase classname="GroupingTests.Test1" name="test3" time="0.002"/>
  <testcase classname="GroupingTests.Test2" name="test4" time="0.002"/>
  <testcase classname="GroupingTests.Test2" name="test5" time="0.002"/>
  <testcase classname="GroupingTests.Test2" name="test6" time="0.0">
    <ignored/>
  </testcase> <!-- test6 -->
</testsuite> <!-- Grouping -->
