<?xml version="1.0" encoding="UTF-8"?>
<!-- Generated by org.testng.reporters.JUnitXMLReporter -->
<testsuite ignored="3" hostname="LAPTOP-9JKB80HL" failures="0" tests="1" name="Test1" time="5.399" errors="0" timestamp="2023-04-26T15:52:45 IST">
  <testcase classname="CrossBroswerTechnic.CrossBroswer" name="openInsta" time="1.528"/>
  <testcase classname="CrossBroswerTechnic.CrossBroswer" name="openSauceDemo2" time="0.0">
    <ignored/>
  </testcase> <!-- openSauceDemo2 -->
  <testcase classname="CrossBroswerTechnic.CrossBroswer" name="openSauceDemo1" time="0.0">
    <ignored/>
  </testcase> <!-- openSauceDemo1 -->
  <testcase classname="CrossBroswerTechnic.CrossBroswer" name="openFacebook" time="0.0">
    <ignored/>
  </testcase> <!-- openFacebook -->
</testsuite> <!-- Test1 -->
