<?xml version="1.0" encoding="UTF-8"?>
<!-- Generated by org.testng.reporters.JUnitXMLReporter -->
<testsuite ignored="2" hostname="LAPTOP-9JKB80HL" failures="0" tests="4" name="TestGrouping" time="0.101" errors="0" timestamp="2023-04-18T12:03:42 IST">
  <testcase classname="GroupingTests.Test1" name="test1" time="0.014"/>
  <testcase classname="GroupingTests.Test1" name="test3" time="0.001"/>
  <testcase classname="GroupingTests.Test2" name="test4" time="0.001"/>
  <testcase classname="GroupingTests.Test2" name="test5" time="0.001"/>
  <testcase classname="GroupingTests.Test1" name="test2" time="0.0">
    <ignored/>
  </testcase> <!-- test2 -->
  <testcase classname="GroupingTests.Test2" name="test6" time="0.0">
    <ignored/>
  </testcase> <!-- test6 -->
</testsuite> <!-- TestGrouping -->
