<?xml version="1.0" encoding="UTF-8"?>
<!-- Generated by org.testng.reporters.JUnitXMLReporter -->
<testsuite ignored="2" hostname="LAPTOP-9JKB80HL" failures="0" tests="1" name="Test2" time="0.007" errors="0" timestamp="2023-04-17T13:01:12 IST">
  <testcase classname="GroupingTests.Test2" name="test5" time="0.002"/>
  <testcase classname="GroupingTests.Test2" name="test6" time="0.0">
    <ignored/>
  </testcase> <!-- test6 -->
  <testcase classname="GroupingTests.Test2" name="test4" time="0.0">
    <ignored/>
  </testcase> <!-- test4 -->
</testsuite> <!-- Test2 -->
